{"/Users/thasneemmanaf/Documents/CaseStudy_Fintech/backend-fintech/src/app.js": {"path":"/Users/thasneemmanaf/Documents/CaseStudy_Fintech/backend-fintech/src/app.js","statementMap":{"0":{"start":{"line":1,"column":16},"end":{"line":1,"column":34}},"1":{"start":{"line":2,"column":13},"end":{"line":2,"column":28}},"2":{"start":{"line":3,"column":15},"end":{"line":3,"column":32}},"3":{"start":{"line":4,"column":20},"end":{"line":4,"column":42}},"4":{"start":{"line":5,"column":18},"end":{"line":5,"column":47}},"5":{"start":{"line":6,"column":21},"end":{"line":6,"column":45}},"6":{"start":{"line":7,"column":13},"end":{"line":7,"column":28}},"7":{"start":{"line":8,"column":15},"end":{"line":8,"column":41}},"8":{"start":{"line":9,"column":15},"end":{"line":9,"column":34}},"9":{"start":{"line":10,"column":25},"end":{"line":10,"column":61}},"10":{"start":{"line":11,"column":23},"end":{"line":11,"column":58}},"11":{"start":{"line":14,"column":0},"end":{"line":14,"column":27}},"12":{"start":{"line":17,"column":12},"end":{"line":17,"column":21}},"13":{"start":{"line":20,"column":0},"end":{"line":20,"column":18}},"14":{"start":{"line":23,"column":0},"end":{"line":23,"column":16}},"15":{"start":{"line":26,"column":0},"end":{"line":26,"column":24}},"16":{"start":{"line":29,"column":0},"end":{"line":29,"column":48}},"17":{"start":{"line":32,"column":0},"end":{"line":32,"column":23}},"18":{"start":{"line":35,"column":0},"end":{"line":35,"column":28}},"19":{"start":{"line":38,"column":0},"end":{"line":40,"column":3}},"20":{"start":{"line":39,"column":2},"end":{"line":39,"column":76}},"21":{"start":{"line":43,"column":23},"end":{"line":59,"column":1}},"22":{"start":{"line":61,"column":20},"end":{"line":61,"column":48}},"23":{"start":{"line":62,"column":0},"end":{"line":62,"column":68}},"24":{"start":{"line":65,"column":0},"end":{"line":65,"column":24}},"25":{"start":{"line":68,"column":0},"end":{"line":74,"column":1}},"26":{"start":{"line":69,"column":2},"end":{"line":69,"column":72}},"27":{"start":{"line":71,"column":2},"end":{"line":73,"column":5}},"28":{"start":{"line":72,"column":4},"end":{"line":72,"column":74}},"29":{"start":{"line":77,"column":0},"end":{"line":77,"column":22}},"30":{"start":{"line":80,"column":0},"end":{"line":89,"column":3}},"31":{"start":{"line":81,"column":2},"end":{"line":81,"column":53}},"32":{"start":{"line":82,"column":2},"end":{"line":88,"column":5}},"33":{"start":{"line":91,"column":0},"end":{"line":91,"column":21}}},"fnMap":{"0":{"name":"(anonymous_0)","decl":{"start":{"line":38,"column":13},"end":{"line":38,"column":14}},"loc":{"start":{"line":38,"column":27},"end":{"line":40,"column":1}},"line":38},"1":{"name":"(anonymous_1)","decl":{"start":{"line":71,"column":15},"end":{"line":71,"column":16}},"loc":{"start":{"line":71,"column":29},"end":{"line":73,"column":3}},"line":71},"2":{"name":"(anonymous_2)","decl":{"start":{"line":80,"column":13},"end":{"line":80,"column":14}},"loc":{"start":{"line":80,"column":27},"end":{"line":89,"column":1}},"line":80}},"branchMap":{"0":{"loc":{"start":{"line":68,"column":0},"end":{"line":74,"column":1}},"type":"if","locations":[{"start":{"line":68,"column":0},"end":{"line":74,"column":1}},{"start":{},"end":{}}],"line":68}},"s":{"0":5,"1":5,"2":5,"3":5,"4":5,"5":5,"6":5,"7":5,"8":5,"9":5,"10":5,"11":5,"12":5,"13":5,"14":5,"15":5,"16":5,"17":5,"18":5,"19":5,"20":0,"21":5,"22":5,"23":5,"24":5,"25":5,"26":0,"27":0,"28":0,"29":5,"30":5,"31":1,"32":1,"33":5},"f":{"0":0,"1":0,"2":1},"b":{"0":[0,5]},"_coverageSchema":"1a1c01bbd47fc00a2c39e90264f33305004495a9","hash":"695f9857bd8b7acea2c608aefa0e76a1d300aa49"}
,"/Users/thasneemmanaf/Documents/CaseStudy_Fintech/backend-fintech/src/config/logger.js": {"path":"/Users/thasneemmanaf/Documents/CaseStudy_Fintech/backend-fintech/src/config/logger.js","statementMap":{"0":{"start":{"line":1,"column":15},"end":{"line":1,"column":32}},"1":{"start":{"line":2,"column":13},"end":{"line":2,"column":28}},"2":{"start":{"line":5,"column":15},"end":{"line":14,"column":2}},"3":{"start":{"line":16,"column":0},"end":{"line":16,"column":24}}},"fnMap":{},"branchMap":{},"s":{"0":5,"1":5,"2":5,"3":5},"f":{},"b":{},"_coverageSchema":"1a1c01bbd47fc00a2c39e90264f33305004495a9","hash":"66c0b3da537a7a7523c797f06629418cc4ae7d2f"}
,"/Users/thasneemmanaf/Documents/CaseStudy_Fintech/backend-fintech/src/controllers/cardController.js": {"path":"/Users/thasneemmanaf/Documents/CaseStudy_Fintech/backend-fintech/src/controllers/cardController.js","statementMap":{"0":{"start":{"line":1,"column":18},"end":{"line":1,"column":48}},"1":{"start":{"line":2,"column":43},"end":{"line":2,"column":74}},"2":{"start":{"line":3,"column":21},"end":{"line":3,"column":53}},"3":{"start":{"line":4,"column":15},"end":{"line":4,"column":42}},"4":{"start":{"line":11,"column":24},"end":{"line":17,"column":2}},"5":{"start":{"line":12,"column":24},"end":{"line":12,"column":34}},"6":{"start":{"line":14,"column":16},"end":{"line":14,"column":62}},"7":{"start":{"line":16,"column":2},"end":{"line":16,"column":47}},"8":{"start":{"line":24,"column":20},"end":{"line":30,"column":2}},"9":{"start":{"line":25,"column":17},"end":{"line":25,"column":27}},"10":{"start":{"line":27,"column":15},"end":{"line":27,"column":46}},"11":{"start":{"line":29,"column":2},"end":{"line":29,"column":46}},"12":{"start":{"line":32,"column":0},"end":{"line":35,"column":2}}},"fnMap":{"0":{"name":"(anonymous_0)","decl":{"start":{"line":11,"column":37},"end":{"line":11,"column":38}},"loc":{"start":{"line":11,"column":57},"end":{"line":17,"column":1}},"line":11},"1":{"name":"(anonymous_1)","decl":{"start":{"line":24,"column":33},"end":{"line":24,"column":34}},"loc":{"start":{"line":24,"column":53},"end":{"line":30,"column":1}},"line":24}},"branchMap":{},"s":{"0":5,"1":5,"2":5,"3":5,"4":5,"5":3,"6":3,"7":3,"8":5,"9":3,"10":3,"11":2,"12":5},"f":{"0":3,"1":3},"b":{},"_coverageSchema":"1a1c01bbd47fc00a2c39e90264f33305004495a9","hash":"9f324682a2a0d1c280920d977d465d4e26ce4d72"}
,"/Users/thasneemmanaf/Documents/CaseStudy_Fintech/backend-fintech/src/controllers/companyController.js": {"path":"/Users/thasneemmanaf/Documents/CaseStudy_Fintech/backend-fintech/src/controllers/companyController.js","statementMap":{"0":{"start":{"line":1,"column":21},"end":{"line":1,"column":54}},"1":{"start":{"line":2,"column":23},"end":{"line":2,"column":58}},"2":{"start":{"line":3,"column":43},"end":{"line":3,"column":74}},"3":{"start":{"line":4,"column":21},"end":{"line":4,"column":53}},"4":{"start":{"line":5,"column":15},"end":{"line":5,"column":42}},"5":{"start":{"line":12,"column":21},"end":{"line":20,"column":2}},"6":{"start":{"line":15,"column":17},"end":{"line":15,"column":46}},"7":{"start":{"line":17,"column":20},"end":{"line":17,"column":62}},"8":{"start":{"line":19,"column":2},"end":{"line":19,"column":51}},"9":{"start":{"line":27,"column":23},"end":{"line":33,"column":2}},"10":{"start":{"line":28,"column":17},"end":{"line":28,"column":27}},"11":{"start":{"line":30,"column":18},"end":{"line":30,"column":55}},"12":{"start":{"line":32,"column":2},"end":{"line":32,"column":49}},"13":{"start":{"line":40,"column":28},"end":{"line":46,"column":2}},"14":{"start":{"line":41,"column":17},"end":{"line":41,"column":27}},"15":{"start":{"line":43,"column":24},"end":{"line":43,"column":65}},"16":{"start":{"line":45,"column":2},"end":{"line":45,"column":55}},"17":{"start":{"line":48,"column":0},"end":{"line":52,"column":2}}},"fnMap":{"0":{"name":"(anonymous_0)","decl":{"start":{"line":12,"column":34},"end":{"line":12,"column":35}},"loc":{"start":{"line":12,"column":54},"end":{"line":20,"column":1}},"line":12},"1":{"name":"(anonymous_1)","decl":{"start":{"line":27,"column":36},"end":{"line":27,"column":37}},"loc":{"start":{"line":27,"column":56},"end":{"line":33,"column":1}},"line":27},"2":{"name":"(anonymous_2)","decl":{"start":{"line":40,"column":41},"end":{"line":40,"column":42}},"loc":{"start":{"line":40,"column":61},"end":{"line":46,"column":1}},"line":40}},"branchMap":{"0":{"loc":{"start":{"line":15,"column":17},"end":{"line":15,"column":46}},"type":"cond-expr","locations":[{"start":{"line":15,"column":28},"end":{"line":15,"column":39}},{"start":{"line":15,"column":42},"end":{"line":15,"column":46}}],"line":15}},"s":{"0":5,"1":5,"2":5,"3":5,"4":5,"5":5,"6":8,"7":8,"8":8,"9":5,"10":2,"11":2,"12":1,"13":5,"14":2,"15":2,"16":2,"17":5},"f":{"0":8,"1":2,"2":2},"b":{"0":[8,0]},"_coverageSchema":"1a1c01bbd47fc00a2c39e90264f33305004495a9","hash":"41cc21811f3e90175909b4d694d043177f674b6b"}
,"/Users/thasneemmanaf/Documents/CaseStudy_Fintech/backend-fintech/src/controllers/transactionController.js": {"path":"/Users/thasneemmanaf/Documents/CaseStudy_Fintech/backend-fintech/src/controllers/transactionController.js","statementMap":{"0":{"start":{"line":1,"column":25},"end":{"line":1,"column":62}},"1":{"start":{"line":2,"column":47},"end":{"line":2,"column":78}},"2":{"start":{"line":3,"column":21},"end":{"line":3,"column":53}},"3":{"start":{"line":4,"column":15},"end":{"line":4,"column":42}},"4":{"start":{"line":11,"column":31},"end":{"line":27,"column":2}},"5":{"start":{"line":12,"column":24},"end":{"line":12,"column":34}},"6":{"start":{"line":13,"column":15},"end":{"line":13,"column":44}},"7":{"start":{"line":14,"column":16},"end":{"line":14,"column":47}},"8":{"start":{"line":16,"column":17},"end":{"line":20,"column":3}},"9":{"start":{"line":22,"column":2},"end":{"line":26,"column":6}},"10":{"start":{"line":29,"column":0},"end":{"line":31,"column":2}}},"fnMap":{"0":{"name":"(anonymous_0)","decl":{"start":{"line":11,"column":44},"end":{"line":11,"column":45}},"loc":{"start":{"line":11,"column":64},"end":{"line":27,"column":1}},"line":11}},"branchMap":{"0":{"loc":{"start":{"line":13,"column":15},"end":{"line":13,"column":44}},"type":"binary-expr","locations":[{"start":{"line":13,"column":15},"end":{"line":13,"column":39}},{"start":{"line":13,"column":43},"end":{"line":13,"column":44}}],"line":13},"1":{"loc":{"start":{"line":14,"column":16},"end":{"line":14,"column":47}},"type":"binary-expr","locations":[{"start":{"line":14,"column":16},"end":{"line":14,"column":41}},{"start":{"line":14,"column":45},"end":{"line":14,"column":47}}],"line":14}},"s":{"0":5,"1":5,"2":5,"3":5,"4":5,"5":3,"6":3,"7":3,"8":3,"9":3,"10":5},"f":{"0":3},"b":{"0":[3,2],"1":[3,2]},"_coverageSchema":"1a1c01bbd47fc00a2c39e90264f33305004495a9","hash":"38fae41c4f1869d4eb5898ade863a954eb641ea6"}
,"/Users/thasneemmanaf/Documents/CaseStudy_Fintech/backend-fintech/src/middleware/auth.js": {"path":"/Users/thasneemmanaf/Documents/CaseStudy_Fintech/backend-fintech/src/middleware/auth.js","statementMap":{"0":{"start":{"line":1,"column":12},"end":{"line":1,"column":35}},"1":{"start":{"line":2,"column":46},"end":{"line":2,"column":71}},"2":{"start":{"line":3,"column":15},"end":{"line":3,"column":42}},"3":{"start":{"line":6,"column":19},"end":{"line":6,"column":62}},"4":{"start":{"line":9,"column":21},"end":{"line":39,"column":1}},"5":{"start":{"line":10,"column":2},"end":{"line":38,"column":3}},"6":{"start":{"line":11,"column":23},"end":{"line":11,"column":48}},"7":{"start":{"line":13,"column":4},"end":{"line":16,"column":5}},"8":{"start":{"line":14,"column":6},"end":{"line":14,"column":76}},"9":{"start":{"line":15,"column":6},"end":{"line":15,"column":20}},"10":{"start":{"line":17,"column":4},"end":{"line":19,"column":5}},"11":{"start":{"line":18,"column":6},"end":{"line":18,"column":70}},"12":{"start":{"line":21,"column":18},"end":{"line":21,"column":42}},"13":{"start":{"line":23,"column":4},"end":{"line":25,"column":5}},"14":{"start":{"line":24,"column":6},"end":{"line":24,"column":70}},"15":{"start":{"line":28,"column":4},"end":{"line":35,"column":5}},"16":{"start":{"line":29,"column":22},"end":{"line":29,"column":51}},"17":{"start":{"line":30,"column":6},"end":{"line":30,"column":25}},"18":{"start":{"line":31,"column":6},"end":{"line":31,"column":13}},"19":{"start":{"line":33,"column":6},"end":{"line":33,"column":56}},"20":{"start":{"line":34,"column":6},"end":{"line":34,"column":62}},"21":{"start":{"line":37,"column":4},"end":{"line":37,"column":16}},"22":{"start":{"line":42,"column":18},"end":{"line":58,"column":1}},"23":{"start":{"line":43,"column":2},"end":{"line":45,"column":3}},"24":{"start":{"line":44,"column":4},"end":{"line":44,"column":20}},"25":{"start":{"line":47,"column":2},"end":{"line":57,"column":4}},"26":{"start":{"line":48,"column":4},"end":{"line":50,"column":5}},"27":{"start":{"line":49,"column":6},"end":{"line":49,"column":68}},"28":{"start":{"line":52,"column":4},"end":{"line":54,"column":5}},"29":{"start":{"line":53,"column":6},"end":{"line":53,"column":66}},"30":{"start":{"line":56,"column":4},"end":{"line":56,"column":11}},"31":{"start":{"line":60,"column":0},"end":{"line":63,"column":2}}},"fnMap":{"0":{"name":"(anonymous_0)","decl":{"start":{"line":9,"column":21},"end":{"line":9,"column":22}},"loc":{"start":{"line":9,"column":41},"end":{"line":39,"column":1}},"line":9},"1":{"name":"(anonymous_1)","decl":{"start":{"line":42,"column":18},"end":{"line":42,"column":19}},"loc":{"start":{"line":42,"column":34},"end":{"line":58,"column":1}},"line":42},"2":{"name":"(anonymous_2)","decl":{"start":{"line":47,"column":9},"end":{"line":47,"column":10}},"loc":{"start":{"line":47,"column":29},"end":{"line":57,"column":3}},"line":47}},"branchMap":{"0":{"loc":{"start":{"line":6,"column":19},"end":{"line":6,"column":62}},"type":"binary-expr","locations":[{"start":{"line":6,"column":19},"end":{"line":6,"column":41}},{"start":{"line":6,"column":45},"end":{"line":6,"column":62}}],"line":6},"1":{"loc":{"start":{"line":13,"column":4},"end":{"line":16,"column":5}},"type":"if","locations":[{"start":{"line":13,"column":4},"end":{"line":16,"column":5}},{"start":{},"end":{}}],"line":13},"2":{"loc":{"start":{"line":13,"column":8},"end":{"line":13,"column":31}},"type":"binary-expr","locations":[{"start":{"line":13,"column":8},"end":{"line":13,"column":19}},{"start":{"line":13,"column":23},"end":{"line":13,"column":31}}],"line":13},"3":{"loc":{"start":{"line":17,"column":4},"end":{"line":19,"column":5}},"type":"if","locations":[{"start":{"line":17,"column":4},"end":{"line":19,"column":5}},{"start":{},"end":{}}],"line":17},"4":{"loc":{"start":{"line":17,"column":8},"end":{"line":17,"column":56}},"type":"binary-expr","locations":[{"start":{"line":17,"column":8},"end":{"line":17,"column":19}},{"start":{"line":17,"column":23},"end":{"line":17,"column":56}}],"line":17},"5":{"loc":{"start":{"line":23,"column":4},"end":{"line":25,"column":5}},"type":"if","locations":[{"start":{"line":23,"column":4},"end":{"line":25,"column":5}},{"start":{},"end":{}}],"line":23},"6":{"loc":{"start":{"line":42,"column":19},"end":{"line":42,"column":29}},"type":"default-arg","locations":[{"start":{"line":42,"column":27},"end":{"line":42,"column":29}}],"line":42},"7":{"loc":{"start":{"line":43,"column":2},"end":{"line":45,"column":3}},"type":"if","locations":[{"start":{"line":43,"column":2},"end":{"line":45,"column":3}},{"start":{},"end":{}}],"line":43},"8":{"loc":{"start":{"line":48,"column":4},"end":{"line":50,"column":5}},"type":"if","locations":[{"start":{"line":48,"column":4},"end":{"line":50,"column":5}},{"start":{},"end":{}}],"line":48},"9":{"loc":{"start":{"line":52,"column":4},"end":{"line":54,"column":5}},"type":"if","locations":[{"start":{"line":52,"column":4},"end":{"line":54,"column":5}},{"start":{},"end":{}}],"line":52},"10":{"loc":{"start":{"line":52,"column":8},"end":{"line":52,"column":54}},"type":"binary-expr","locations":[{"start":{"line":52,"column":8},"end":{"line":52,"column":20}},{"start":{"line":52,"column":24},"end":{"line":52,"column":54}}],"line":52}},"s":{"0":5,"1":5,"2":5,"3":5,"4":5,"5":21,"6":21,"7":21,"8":21,"9":21,"10":0,"11":0,"12":0,"13":0,"14":0,"15":0,"16":0,"17":0,"18":0,"19":0,"20":0,"21":0,"22":5,"23":0,"24":0,"25":0,"26":0,"27":0,"28":0,"29":0,"30":0,"31":5},"f":{"0":21,"1":0,"2":0},"b":{"0":[5,5],"1":[21,0],"2":[21,21],"3":[0,0],"4":[0,0],"5":[0,0],"6":[0],"7":[0,0],"8":[0,0],"9":[0,0],"10":[0,0]},"_coverageSchema":"1a1c01bbd47fc00a2c39e90264f33305004495a9","hash":"5010e0bb8391765781be74d524d5317324312231"}
,"/Users/thasneemmanaf/Documents/CaseStudy_Fintech/backend-fintech/src/middleware/errorHandler.js": {"path":"/Users/thasneemmanaf/Documents/CaseStudy_Fintech/backend-fintech/src/middleware/errorHandler.js","statementMap":{"0":{"start":{"line":1,"column":15},"end":{"line":1,"column":42}},"1":{"start":{"line":4,"column":21},"end":{"line":50,"column":1}},"2":{"start":{"line":5,"column":2},"end":{"line":16,"column":4}},"3":{"start":{"line":19,"column":19},"end":{"line":19,"column":40}},"4":{"start":{"line":20,"column":16},"end":{"line":20,"column":54}},"5":{"start":{"line":21,"column":18},"end":{"line":21,"column":46}},"6":{"start":{"line":24,"column":2},"end":{"line":40,"column":3}},"7":{"start":{"line":25,"column":4},"end":{"line":25,"column":21}},"8":{"start":{"line":26,"column":4},"end":{"line":26,"column":26}},"9":{"start":{"line":27,"column":4},"end":{"line":27,"column":35}},"10":{"start":{"line":28,"column":9},"end":{"line":40,"column":3}},"11":{"start":{"line":29,"column":4},"end":{"line":29,"column":21}},"12":{"start":{"line":30,"column":4},"end":{"line":30,"column":38}},"13":{"start":{"line":31,"column":4},"end":{"line":31,"column":39}},"14":{"start":{"line":32,"column":9},"end":{"line":40,"column":3}},"15":{"start":{"line":33,"column":4},"end":{"line":33,"column":21}},"16":{"start":{"line":34,"column":4},"end":{"line":34,"column":30}},"17":{"start":{"line":35,"column":4},"end":{"line":35,"column":34}},"18":{"start":{"line":36,"column":9},"end":{"line":40,"column":3}},"19":{"start":{"line":37,"column":4},"end":{"line":37,"column":21}},"20":{"start":{"line":38,"column":4},"end":{"line":38,"column":35}},"21":{"start":{"line":39,"column":4},"end":{"line":39,"column":28}},"22":{"start":{"line":43,"column":2},"end":{"line":49,"column":5}},"23":{"start":{"line":55,"column":4},"end":{"line":55,"column":19}},"24":{"start":{"line":56,"column":4},"end":{"line":56,"column":33}},"25":{"start":{"line":57,"column":4},"end":{"line":57,"column":21}},"26":{"start":{"line":58,"column":4},"end":{"line":58,"column":38}},"27":{"start":{"line":59,"column":4},"end":{"line":59,"column":52}},"28":{"start":{"line":65,"column":4},"end":{"line":65,"column":44}},"29":{"start":{"line":66,"column":4},"end":{"line":66,"column":34}},"30":{"start":{"line":72,"column":4},"end":{"line":72,"column":48}},"31":{"start":{"line":73,"column":4},"end":{"line":73,"column":36}},"32":{"start":{"line":79,"column":4},"end":{"line":79,"column":43}},"33":{"start":{"line":80,"column":4},"end":{"line":80,"column":33}},"34":{"start":{"line":86,"column":4},"end":{"line":86,"column":37}},"35":{"start":{"line":87,"column":4},"end":{"line":87,"column":32}},"36":{"start":{"line":91,"column":0},"end":{"line":98,"column":2}}},"fnMap":{"0":{"name":"(anonymous_0)","decl":{"start":{"line":4,"column":21},"end":{"line":4,"column":22}},"loc":{"start":{"line":4,"column":46},"end":{"line":50,"column":1}},"line":4},"1":{"name":"(anonymous_1)","decl":{"start":{"line":54,"column":2},"end":{"line":54,"column":3}},"loc":{"start":{"line":54,"column":41},"end":{"line":60,"column":3}},"line":54},"2":{"name":"(anonymous_2)","decl":{"start":{"line":64,"column":2},"end":{"line":64,"column":3}},"loc":{"start":{"line":64,"column":23},"end":{"line":67,"column":3}},"line":64},"3":{"name":"(anonymous_3)","decl":{"start":{"line":71,"column":2},"end":{"line":71,"column":3}},"loc":{"start":{"line":71,"column":49},"end":{"line":74,"column":3}},"line":71},"4":{"name":"(anonymous_4)","decl":{"start":{"line":78,"column":2},"end":{"line":78,"column":3}},"loc":{"start":{"line":78,"column":41},"end":{"line":81,"column":3}},"line":78},"5":{"name":"(anonymous_5)","decl":{"start":{"line":85,"column":2},"end":{"line":85,"column":3}},"loc":{"start":{"line":85,"column":46},"end":{"line":88,"column":3}},"line":85}},"branchMap":{"0":{"loc":{"start":{"line":19,"column":19},"end":{"line":19,"column":40}},"type":"binary-expr","locations":[{"start":{"line":19,"column":19},"end":{"line":19,"column":33}},{"start":{"line":19,"column":37},"end":{"line":19,"column":40}}],"line":19},"1":{"loc":{"start":{"line":20,"column":16},"end":{"line":20,"column":54}},"type":"binary-expr","locations":[{"start":{"line":20,"column":16},"end":{"line":20,"column":27}},{"start":{"line":20,"column":31},"end":{"line":20,"column":54}}],"line":20},"2":{"loc":{"start":{"line":21,"column":18},"end":{"line":21,"column":46}},"type":"binary-expr","locations":[{"start":{"line":21,"column":18},"end":{"line":21,"column":26}},{"start":{"line":21,"column":30},"end":{"line":21,"column":46}}],"line":21},"3":{"loc":{"start":{"line":24,"column":2},"end":{"line":40,"column":3}},"type":"if","locations":[{"start":{"line":24,"column":2},"end":{"line":40,"column":3}},{"start":{"line":28,"column":9},"end":{"line":40,"column":3}}],"line":24},"4":{"loc":{"start":{"line":28,"column":9},"end":{"line":40,"column":3}},"type":"if","locations":[{"start":{"line":28,"column":9},"end":{"line":40,"column":3}},{"start":{"line":32,"column":9},"end":{"line":40,"column":3}}],"line":28},"5":{"loc":{"start":{"line":32,"column":9},"end":{"line":40,"column":3}},"type":"if","locations":[{"start":{"line":32,"column":9},"end":{"line":40,"column":3}},{"start":{"line":36,"column":9},"end":{"line":40,"column":3}}],"line":32},"6":{"loc":{"start":{"line":36,"column":9},"end":{"line":40,"column":3}},"type":"if","locations":[{"start":{"line":36,"column":9},"end":{"line":40,"column":3}},{"start":{},"end":{}}],"line":36},"7":{"loc":{"start":{"line":71,"column":14},"end":{"line":71,"column":47}},"type":"default-arg","locations":[{"start":{"line":71,"column":24},"end":{"line":71,"column":47}}],"line":71},"8":{"loc":{"start":{"line":78,"column":14},"end":{"line":78,"column":39}},"type":"default-arg","locations":[{"start":{"line":78,"column":24},"end":{"line":78,"column":39}}],"line":78},"9":{"loc":{"start":{"line":85,"column":14},"end":{"line":85,"column":44}},"type":"default-arg","locations":[{"start":{"line":85,"column":24},"end":{"line":85,"column":44}}],"line":85}},"s":{"0":5,"1":5,"2":2,"3":2,"4":2,"5":2,"6":2,"7":0,"8":0,"9":0,"10":2,"11":0,"12":0,"13":0,"14":2,"15":0,"16":0,"17":0,"18":2,"19":2,"20":2,"21":2,"22":2,"23":2,"24":2,"25":2,"26":2,"27":2,"28":0,"29":0,"30":0,"31":0,"32":0,"33":0,"34":2,"35":2,"36":5},"f":{"0":2,"1":2,"2":0,"3":0,"4":0,"5":2},"b":{"0":[2,0],"1":[2,0],"2":[2,0],"3":[0,2],"4":[0,2],"5":[0,2],"6":[2,0],"7":[0],"8":[0],"9":[0]},"_coverageSchema":"1a1c01bbd47fc00a2c39e90264f33305004495a9","hash":"9a5399d3965e70162f676a30563f44797b2f9138"}
,"/Users/thasneemmanaf/Documents/CaseStudy_Fintech/backend-fintech/src/middleware/rateLimiter.js": {"path":"/Users/thasneemmanaf/Documents/CaseStudy_Fintech/backend-fintech/src/middleware/rateLimiter.js","statementMap":{"0":{"start":{"line":1,"column":18},"end":{"line":1,"column":47}},"1":{"start":{"line":4,"column":26},"end":{"line":23,"column":1}},"2":{"start":{"line":5,"column":25},"end":{"line":17,"column":3}},"3":{"start":{"line":19,"column":2},"end":{"line":22,"column":5}},"4":{"start":{"line":26,"column":19},"end":{"line":26,"column":38}},"5":{"start":{"line":28,"column":20},"end":{"line":38,"column":2}},"6":{"start":{"line":40,"column":0},"end":{"line":44,"column":2}}},"fnMap":{"0":{"name":"(anonymous_0)","decl":{"start":{"line":4,"column":26},"end":{"line":4,"column":27}},"loc":{"start":{"line":4,"column":44},"end":{"line":23,"column":1}},"line":4}},"branchMap":{"0":{"loc":{"start":{"line":4,"column":27},"end":{"line":4,"column":39}},"type":"default-arg","locations":[{"start":{"line":4,"column":37},"end":{"line":4,"column":39}}],"line":4}},"s":{"0":5,"1":5,"2":10,"3":10,"4":5,"5":5,"6":5},"f":{"0":10},"b":{"0":[5]},"_coverageSchema":"1a1c01bbd47fc00a2c39e90264f33305004495a9","hash":"d0511a6371f53950a49f984fe056a8fbddf4fb6b"}
,"/Users/thasneemmanaf/Documents/CaseStudy_Fintech/backend-fintech/src/middleware/validator.js": {"path":"/Users/thasneemmanaf/Documents/CaseStudy_Fintech/backend-fintech/src/middleware/validator.js","statementMap":{"0":{"start":{"line":3,"column":12},"end":{"line":3,"column":26}},"1":{"start":{"line":4,"column":19},"end":{"line":4,"column":41}},"2":{"start":{"line":5,"column":28},"end":{"line":5,"column":53}},"3":{"start":{"line":6,"column":15},"end":{"line":6,"column":42}},"4":{"start":{"line":9,"column":12},"end":{"line":9,"column":40}},"5":{"start":{"line":10,"column":0},"end":{"line":10,"column":16}},"6":{"start":{"line":12,"column":17},"end":{"line":29,"column":1}},"7":{"start":{"line":13,"column":21},"end":{"line":13,"column":40}},"8":{"start":{"line":15,"column":2},"end":{"line":28,"column":4}},"9":{"start":{"line":16,"column":18},"end":{"line":16,"column":38}},"10":{"start":{"line":18,"column":4},"end":{"line":25,"column":5}},"11":{"start":{"line":19,"column":21},"end":{"line":21,"column":19}},"12":{"start":{"line":20,"column":20},"end":{"line":20,"column":52}},"13":{"start":{"line":23,"column":6},"end":{"line":23,"column":73}},"14":{"start":{"line":24,"column":6},"end":{"line":24,"column":47}},"15":{"start":{"line":27,"column":4},"end":{"line":27,"column":11}},"16":{"start":{"line":31,"column":0},"end":{"line":31,"column":30}}},"fnMap":{"0":{"name":"(anonymous_0)","decl":{"start":{"line":12,"column":17},"end":{"line":12,"column":18}},"loc":{"start":{"line":12,"column":29},"end":{"line":29,"column":1}},"line":12},"1":{"name":"(anonymous_1)","decl":{"start":{"line":15,"column":9},"end":{"line":15,"column":10}},"loc":{"start":{"line":15,"column":29},"end":{"line":28,"column":3}},"line":15},"2":{"name":"(anonymous_2)","decl":{"start":{"line":20,"column":13},"end":{"line":20,"column":14}},"loc":{"start":{"line":20,"column":20},"end":{"line":20,"column":52}},"line":20}},"branchMap":{"0":{"loc":{"start":{"line":18,"column":4},"end":{"line":25,"column":5}},"type":"if","locations":[{"start":{"line":18,"column":4},"end":{"line":25,"column":5}},{"start":{},"end":{}}],"line":18}},"s":{"0":0,"1":0,"2":0,"3":0,"4":0,"5":0,"6":0,"7":0,"8":0,"9":0,"10":0,"11":0,"12":0,"13":0,"14":0,"15":0,"16":0},"f":{"0":0,"1":0,"2":0},"b":{"0":[0,0]}}
,"/Users/thasneemmanaf/Documents/CaseStudy_Fintech/backend-fintech/src/models/cardModel.js": {"path":"/Users/thasneemmanaf/Documents/CaseStudy_Fintech/backend-fintech/src/models/cardModel.js","statementMap":{"0":{"start":{"line":1,"column":11},"end":{"line":1,"column":33}},"1":{"start":{"line":2,"column":13},"end":{"line":2,"column":28}},"2":{"start":{"line":3,"column":23},"end":{"line":3,"column":38}},"3":{"start":{"line":4,"column":15},"end":{"line":4,"column":42}},"4":{"start":{"line":5,"column":26},"end":{"line":5,"column":63}},"5":{"start":{"line":6,"column":27},"end":{"line":6,"column":57}},"6":{"start":{"line":9,"column":22},"end":{"line":9,"column":64}},"7":{"start":{"line":16,"column":28},"end":{"line":33,"column":1}},"8":{"start":{"line":17,"column":2},"end":{"line":32,"column":3}},"9":{"start":{"line":18,"column":17},"end":{"line":18,"column":57}},"10":{"start":{"line":19,"column":18},"end":{"line":19,"column":34}},"11":{"start":{"line":21,"column":25},"end":{"line":21,"column":77}},"12":{"start":{"line":21,"column":48},"end":{"line":21,"column":76}},"13":{"start":{"line":24,"column":4},"end":{"line":28,"column":8}},"14":{"start":{"line":24,"column":39},"end":{"line":28,"column":5}},"15":{"start":{"line":30,"column":4},"end":{"line":30,"column":74}},"16":{"start":{"line":31,"column":4},"end":{"line":31,"column":16}},"17":{"start":{"line":40,"column":20},"end":{"line":65,"column":1}},"18":{"start":{"line":41,"column":2},"end":{"line":64,"column":3}},"19":{"start":{"line":42,"column":17},"end":{"line":42,"column":57}},"20":{"start":{"line":43,"column":18},"end":{"line":43,"column":34}},"21":{"start":{"line":45,"column":17},"end":{"line":45,"column":47}},"22":{"start":{"line":45,"column":35},"end":{"line":45,"column":46}},"23":{"start":{"line":47,"column":4},"end":{"line":49,"column":5}},"24":{"start":{"line":48,"column":6},"end":{"line":48,"column":62}},"25":{"start":{"line":52,"column":4},"end":{"line":56,"column":6}},"26":{"start":{"line":58,"column":4},"end":{"line":60,"column":5}},"27":{"start":{"line":59,"column":6},"end":{"line":59,"column":18}},"28":{"start":{"line":62,"column":4},"end":{"line":62,"column":62}},"29":{"start":{"line":63,"column":4},"end":{"line":63,"column":16}},"30":{"start":{"line":67,"column":0},"end":{"line":70,"column":2}}},"fnMap":{"0":{"name":"(anonymous_0)","decl":{"start":{"line":16,"column":28},"end":{"line":16,"column":29}},"loc":{"start":{"line":16,"column":49},"end":{"line":33,"column":1}},"line":16},"1":{"name":"(anonymous_1)","decl":{"start":{"line":21,"column":38},"end":{"line":21,"column":39}},"loc":{"start":{"line":21,"column":48},"end":{"line":21,"column":76}},"line":21},"2":{"name":"(anonymous_2)","decl":{"start":{"line":24,"column":28},"end":{"line":24,"column":29}},"loc":{"start":{"line":24,"column":39},"end":{"line":28,"column":5}},"line":24},"3":{"name":"(anonymous_3)","decl":{"start":{"line":40,"column":20},"end":{"line":40,"column":21}},"loc":{"start":{"line":40,"column":34},"end":{"line":65,"column":1}},"line":40},"4":{"name":"(anonymous_4)","decl":{"start":{"line":45,"column":28},"end":{"line":45,"column":29}},"loc":{"start":{"line":45,"column":35},"end":{"line":45,"column":46}},"line":45}},"branchMap":{"0":{"loc":{"start":{"line":47,"column":4},"end":{"line":49,"column":5}},"type":"if","locations":[{"start":{"line":47,"column":4},"end":{"line":49,"column":5}},{"start":{},"end":{}}],"line":47},"1":{"loc":{"start":{"line":58,"column":4},"end":{"line":60,"column":5}},"type":"if","locations":[{"start":{"line":58,"column":4},"end":{"line":60,"column":5}},{"start":{},"end":{}}],"line":58}},"s":{"0":5,"1":5,"2":5,"3":5,"4":5,"5":5,"6":5,"7":5,"8":5,"9":5,"10":5,"11":5,"12":15,"13":5,"14":5,"15":0,"16":0,"17":5,"18":3,"19":3,"20":3,"21":3,"22":5,"23":3,"24":1,"25":2,"26":1,"27":1,"28":0,"29":0,"30":5},"f":{"0":5,"1":15,"2":5,"3":3,"4":5},"b":{"0":[1,2],"1":[1,0]},"_coverageSchema":"1a1c01bbd47fc00a2c39e90264f33305004495a9","hash":"d7d7bb047b85fa8784ac98a568c2f6b78a00b5ba"}
,"/Users/thasneemmanaf/Documents/CaseStudy_Fintech/backend-fintech/src/models/companyModel.js": {"path":"/Users/thasneemmanaf/Documents/CaseStudy_Fintech/backend-fintech/src/models/companyModel.js","statementMap":{"0":{"start":{"line":1,"column":11},"end":{"line":1,"column":33}},"1":{"start":{"line":2,"column":13},"end":{"line":2,"column":28}},"2":{"start":{"line":3,"column":23},"end":{"line":3,"column":38}},"3":{"start":{"line":4,"column":15},"end":{"line":4,"column":42}},"4":{"start":{"line":5,"column":26},"end":{"line":5,"column":63}},"5":{"start":{"line":8,"column":26},"end":{"line":8,"column":72}},"6":{"start":{"line":15,"column":24},"end":{"line":26,"column":1}},"7":{"start":{"line":16,"column":2},"end":{"line":25,"column":3}},"8":{"start":{"line":17,"column":17},"end":{"line":17,"column":61}},"9":{"start":{"line":18,"column":22},"end":{"line":18,"column":38}},"10":{"start":{"line":21,"column":4},"end":{"line":21,"column":21}},"11":{"start":{"line":23,"column":4},"end":{"line":23,"column":57}},"12":{"start":{"line":24,"column":4},"end":{"line":24,"column":16}},"13":{"start":{"line":33,"column":23},"end":{"line":53,"column":1}},"14":{"start":{"line":34,"column":2},"end":{"line":52,"column":3}},"15":{"start":{"line":35,"column":17},"end":{"line":35,"column":61}},"16":{"start":{"line":36,"column":22},"end":{"line":36,"column":38}},"17":{"start":{"line":38,"column":20},"end":{"line":38,"column":54}},"18":{"start":{"line":38,"column":42},"end":{"line":38,"column":53}},"19":{"start":{"line":40,"column":4},"end":{"line":42,"column":5}},"20":{"start":{"line":41,"column":6},"end":{"line":41,"column":65}},"21":{"start":{"line":44,"column":4},"end":{"line":44,"column":19}},"22":{"start":{"line":46,"column":4},"end":{"line":48,"column":5}},"23":{"start":{"line":47,"column":6},"end":{"line":47,"column":18}},"24":{"start":{"line":50,"column":4},"end":{"line":50,"column":65}},"25":{"start":{"line":51,"column":4},"end":{"line":51,"column":16}},"26":{"start":{"line":55,"column":0},"end":{"line":58,"column":2}}},"fnMap":{"0":{"name":"(anonymous_0)","decl":{"start":{"line":15,"column":24},"end":{"line":15,"column":25}},"loc":{"start":{"line":15,"column":49},"end":{"line":26,"column":1}},"line":15},"1":{"name":"(anonymous_1)","decl":{"start":{"line":33,"column":23},"end":{"line":33,"column":24}},"loc":{"start":{"line":33,"column":37},"end":{"line":53,"column":1}},"line":33},"2":{"name":"(anonymous_2)","decl":{"start":{"line":38,"column":35},"end":{"line":38,"column":36}},"loc":{"start":{"line":38,"column":42},"end":{"line":38,"column":53}},"line":38}},"branchMap":{"0":{"loc":{"start":{"line":15,"column":31},"end":{"line":15,"column":44}},"type":"default-arg","locations":[{"start":{"line":15,"column":40},"end":{"line":15,"column":44}}],"line":15},"1":{"loc":{"start":{"line":40,"column":4},"end":{"line":42,"column":5}},"type":"if","locations":[{"start":{"line":40,"column":4},"end":{"line":42,"column":5}},{"start":{},"end":{}}],"line":40},"2":{"loc":{"start":{"line":46,"column":4},"end":{"line":48,"column":5}},"type":"if","locations":[{"start":{"line":46,"column":4},"end":{"line":48,"column":5}},{"start":{},"end":{}}],"line":46}},"s":{"0":5,"1":5,"2":5,"3":5,"4":5,"5":5,"6":5,"7":8,"8":8,"9":8,"10":8,"11":0,"12":0,"13":5,"14":4,"15":4,"16":4,"17":4,"18":6,"19":4,"20":1,"21":3,"22":1,"23":1,"24":0,"25":0,"26":5},"f":{"0":8,"1":4,"2":6},"b":{"0":[0],"1":[1,3],"2":[1,0]},"_coverageSchema":"1a1c01bbd47fc00a2c39e90264f33305004495a9","hash":"fd7003df40d2f1b907852a8d47d75c59b75fc877"}
,"/Users/thasneemmanaf/Documents/CaseStudy_Fintech/backend-fintech/src/models/dashboardModel.js": {"path":"/Users/thasneemmanaf/Documents/CaseStudy_Fintech/backend-fintech/src/models/dashboardModel.js","statementMap":{"0":{"start":{"line":1,"column":21},"end":{"line":1,"column":46}},"1":{"start":{"line":2,"column":18},"end":{"line":2,"column":40}},"2":{"start":{"line":3,"column":21},"end":{"line":3,"column":46}},"3":{"start":{"line":4,"column":25},"end":{"line":4,"column":54}},"4":{"start":{"line":5,"column":15},"end":{"line":5,"column":42}},"5":{"start":{"line":12,"column":25},"end":{"line":46,"column":1}},"6":{"start":{"line":13,"column":2},"end":{"line":45,"column":3}},"7":{"start":{"line":15,"column":20},"end":{"line":15,"column":64}},"8":{"start":{"line":18,"column":18},"end":{"line":18,"column":64}},"9":{"start":{"line":19,"column":17},"end":{"line":19,"column":51}},"10":{"start":{"line":22,"column":20},"end":{"line":22,"column":71}},"11":{"start":{"line":25,"column":29},"end":{"line":29,"column":5}},"12":{"start":{"line":32,"column":4},"end":{"line":38,"column":6}},"13":{"start":{"line":40,"column":4},"end":{"line":43,"column":6}},"14":{"start":{"line":44,"column":4},"end":{"line":44,"column":16}},"15":{"start":{"line":48,"column":0},"end":{"line":50,"column":2}}},"fnMap":{"0":{"name":"(anonymous_0)","decl":{"start":{"line":12,"column":25},"end":{"line":12,"column":26}},"loc":{"start":{"line":12,"column":46},"end":{"line":46,"column":1}},"line":12}},"branchMap":{"0":{"loc":{"start":{"line":19,"column":17},"end":{"line":19,"column":51}},"type":"cond-expr","locations":[{"start":{"line":19,"column":36},"end":{"line":19,"column":44}},{"start":{"line":19,"column":47},"end":{"line":19,"column":51}}],"line":19}},"s":{"0":5,"1":5,"2":5,"3":5,"4":5,"5":5,"6":2,"7":2,"8":2,"9":2,"10":2,"11":2,"12":2,"13":0,"14":0,"15":5},"f":{"0":2},"b":{"0":[2,0]},"_coverageSchema":"1a1c01bbd47fc00a2c39e90264f33305004495a9","hash":"96d2c4297b50fbbecb6b7d3331ac48821b6cf176"}
,"/Users/thasneemmanaf/Documents/CaseStudy_Fintech/backend-fintech/src/models/invoiceModel.js": {"path":"/Users/thasneemmanaf/Documents/CaseStudy_Fintech/backend-fintech/src/models/invoiceModel.js","statementMap":{"0":{"start":{"line":1,"column":11},"end":{"line":1,"column":33}},"1":{"start":{"line":2,"column":13},"end":{"line":2,"column":28}},"2":{"start":{"line":3,"column":15},"end":{"line":3,"column":42}},"3":{"start":{"line":4,"column":26},"end":{"line":4,"column":63}},"4":{"start":{"line":7,"column":25},"end":{"line":7,"column":70}},"5":{"start":{"line":14,"column":30},"end":{"line":36,"column":1}},"6":{"start":{"line":15,"column":2},"end":{"line":35,"column":3}},"7":{"start":{"line":16,"column":17},"end":{"line":16,"column":60}},"8":{"start":{"line":17,"column":21},"end":{"line":17,"column":37}},"9":{"start":{"line":20,"column":28},"end":{"line":25,"column":64}},"10":{"start":{"line":23,"column":10},"end":{"line":23,"column":73}},"11":{"start":{"line":25,"column":22},"end":{"line":25,"column":63}},"12":{"start":{"line":27,"column":4},"end":{"line":29,"column":5}},"13":{"start":{"line":28,"column":6},"end":{"line":28,"column":18}},"14":{"start":{"line":31,"column":4},"end":{"line":31,"column":30}},"15":{"start":{"line":33,"column":4},"end":{"line":33,"column":76}},"16":{"start":{"line":34,"column":4},"end":{"line":34,"column":16}},"17":{"start":{"line":38,"column":0},"end":{"line":40,"column":2}}},"fnMap":{"0":{"name":"(anonymous_0)","decl":{"start":{"line":14,"column":30},"end":{"line":14,"column":31}},"loc":{"start":{"line":14,"column":51},"end":{"line":36,"column":1}},"line":14},"1":{"name":"(anonymous_1)","decl":{"start":{"line":22,"column":8},"end":{"line":22,"column":9}},"loc":{"start":{"line":23,"column":10},"end":{"line":23,"column":73}},"line":23},"2":{"name":"(anonymous_2)","decl":{"start":{"line":25,"column":12},"end":{"line":25,"column":13}},"loc":{"start":{"line":25,"column":22},"end":{"line":25,"column":63}},"line":25}},"branchMap":{"0":{"loc":{"start":{"line":23,"column":10},"end":{"line":23,"column":73}},"type":"binary-expr","locations":[{"start":{"line":23,"column":10},"end":{"line":23,"column":41}},{"start":{"line":23,"column":45},"end":{"line":23,"column":73}}],"line":23},"1":{"loc":{"start":{"line":27,"column":4},"end":{"line":29,"column":5}},"type":"if","locations":[{"start":{"line":27,"column":4},"end":{"line":29,"column":5}},{"start":{},"end":{}}],"line":27}},"s":{"0":5,"1":5,"2":5,"3":5,"4":5,"5":5,"6":2,"7":2,"8":2,"9":2,"10":6,"11":0,"12":2,"13":0,"14":2,"15":0,"16":0,"17":5},"f":{"0":2,"1":6,"2":0},"b":{"0":[6,2],"1":[0,2]},"_coverageSchema":"1a1c01bbd47fc00a2c39e90264f33305004495a9","hash":"e8a060bdb5a44b0a9891a72109e75b0294b60fc1"}
,"/Users/thasneemmanaf/Documents/CaseStudy_Fintech/backend-fintech/src/models/transactionModel.js": {"path":"/Users/thasneemmanaf/Documents/CaseStudy_Fintech/backend-fintech/src/models/transactionModel.js","statementMap":{"0":{"start":{"line":1,"column":11},"end":{"line":1,"column":33}},"1":{"start":{"line":2,"column":13},"end":{"line":2,"column":28}},"2":{"start":{"line":3,"column":15},"end":{"line":3,"column":42}},"3":{"start":{"line":6,"column":29},"end":{"line":6,"column":78}},"4":{"start":{"line":15,"column":35},"end":{"line":46,"column":1}},"5":{"start":{"line":16,"column":2},"end":{"line":45,"column":3}},"6":{"start":{"line":17,"column":17},"end":{"line":17,"column":64}},"7":{"start":{"line":18,"column":25},"end":{"line":18,"column":41}},"8":{"start":{"line":21,"column":32},"end":{"line":25,"column":7}},"9":{"start":{"line":22,"column":31},"end":{"line":22,"column":66}},"10":{"start":{"line":24,"column":18},"end":{"line":24,"column":75}},"11":{"start":{"line":28,"column":23},"end":{"line":28,"column":41}},"12":{"start":{"line":29,"column":21},"end":{"line":29,"column":33}},"13":{"start":{"line":32,"column":4},"end":{"line":38,"column":6}},"14":{"start":{"line":40,"column":4},"end":{"line":43,"column":6}},"15":{"start":{"line":44,"column":4},"end":{"line":44,"column":16}},"16":{"start":{"line":48,"column":0},"end":{"line":50,"column":2}}},"fnMap":{"0":{"name":"(anonymous_0)","decl":{"start":{"line":15,"column":35},"end":{"line":15,"column":36}},"loc":{"start":{"line":15,"column":78},"end":{"line":46,"column":1}},"line":15},"1":{"name":"(anonymous_1)","decl":{"start":{"line":22,"column":14},"end":{"line":22,"column":15}},"loc":{"start":{"line":22,"column":31},"end":{"line":22,"column":66}},"line":22},"2":{"name":"(anonymous_2)","decl":{"start":{"line":24,"column":8},"end":{"line":24,"column":9}},"loc":{"start":{"line":24,"column":18},"end":{"line":24,"column":75}},"line":24}},"branchMap":{"0":{"loc":{"start":{"line":15,"column":53},"end":{"line":15,"column":61}},"type":"default-arg","locations":[{"start":{"line":15,"column":60},"end":{"line":15,"column":61}}],"line":15},"1":{"loc":{"start":{"line":15,"column":63},"end":{"line":15,"column":73}},"type":"default-arg","locations":[{"start":{"line":15,"column":71},"end":{"line":15,"column":73}}],"line":15}},"s":{"0":5,"1":5,"2":5,"3":5,"4":5,"5":5,"6":5,"7":5,"8":5,"9":80,"10":20,"11":5,"12":5,"13":5,"14":0,"15":0,"16":5},"f":{"0":5,"1":80,"2":20},"b":{"0":[0],"1":[0]},"_coverageSchema":"1a1c01bbd47fc00a2c39e90264f33305004495a9","hash":"79ab1295006475e5306ad2ee4f87c6fc1e9d9850"}
,"/Users/thasneemmanaf/Documents/CaseStudy_Fintech/backend-fintech/src/routes/index.js": {"path":"/Users/thasneemmanaf/Documents/CaseStudy_Fintech/backend-fintech/src/routes/index.js","statementMap":{"0":{"start":{"line":1,"column":16},"end":{"line":1,"column":34}},"1":{"start":{"line":2,"column":15},"end":{"line":2,"column":31}},"2":{"start":{"line":3,"column":22},"end":{"line":3,"column":52}},"3":{"start":{"line":4,"column":19},"end":{"line":4,"column":46}},"4":{"start":{"line":5,"column":26},"end":{"line":5,"column":60}},"5":{"start":{"line":9,"column":19},"end":{"line":19,"column":1}},"6":{"start":{"line":11,"column":2},"end":{"line":16,"column":4}},"7":{"start":{"line":18,"column":2},"end":{"line":18,"column":9}},"8":{"start":{"line":22,"column":0},"end":{"line":22,"column":23}},"9":{"start":{"line":25,"column":0},"end":{"line":25,"column":40}},"10":{"start":{"line":26,"column":0},"end":{"line":26,"column":28}},"11":{"start":{"line":27,"column":0},"end":{"line":27,"column":35}},"12":{"start":{"line":29,"column":0},"end":{"line":29,"column":24}}},"fnMap":{"0":{"name":"(anonymous_0)","decl":{"start":{"line":9,"column":19},"end":{"line":9,"column":20}},"loc":{"start":{"line":9,"column":39},"end":{"line":19,"column":1}},"line":9}},"branchMap":{},"s":{"0":5,"1":5,"2":5,"3":5,"4":5,"5":5,"6":22,"7":22,"8":5,"9":5,"10":5,"11":5,"12":5},"f":{"0":22},"b":{},"_coverageSchema":"1a1c01bbd47fc00a2c39e90264f33305004495a9","hash":"e01d28f38fe13cafdb971f47044fb5d9ee2a6105"}
,"/Users/thasneemmanaf/Documents/CaseStudy_Fintech/backend-fintech/src/routes/api/cardRoutes.js": {"path":"/Users/thasneemmanaf/Documents/CaseStudy_Fintech/backend-fintech/src/routes/api/cardRoutes.js","statementMap":{"0":{"start":{"line":1,"column":16},"end":{"line":1,"column":34}},"1":{"start":{"line":2,"column":15},"end":{"line":2,"column":31}},"2":{"start":{"line":6,"column":4},"end":{"line":6,"column":47}},"3":{"start":{"line":7,"column":25},"end":{"line":7,"column":57}},"4":{"start":{"line":33,"column":0},"end":{"line":33,"column":73}},"5":{"start":{"line":59,"column":0},"end":{"line":59,"column":52}},"6":{"start":{"line":61,"column":0},"end":{"line":61,"column":24}}},"fnMap":{},"branchMap":{},"s":{"0":5,"1":5,"2":5,"3":5,"4":5,"5":5,"6":5},"f":{},"b":{},"_coverageSchema":"1a1c01bbd47fc00a2c39e90264f33305004495a9","hash":"c8178f45ff846dfc5b1e5a18fd07e0e209be0f03"}
,"/Users/thasneemmanaf/Documents/CaseStudy_Fintech/backend-fintech/src/routes/api/companyRoutes.js": {"path":"/Users/thasneemmanaf/Documents/CaseStudy_Fintech/backend-fintech/src/routes/api/companyRoutes.js","statementMap":{"0":{"start":{"line":1,"column":16},"end":{"line":1,"column":34}},"1":{"start":{"line":2,"column":15},"end":{"line":2,"column":31}},"2":{"start":{"line":7,"column":4},"end":{"line":7,"column":50}},"3":{"start":{"line":8,"column":25},"end":{"line":8,"column":57}},"4":{"start":{"line":26,"column":0},"end":{"line":26,"column":44}},"5":{"start":{"line":52,"column":0},"end":{"line":52,"column":49}},"6":{"start":{"line":78,"column":0},"end":{"line":78,"column":64}},"7":{"start":{"line":80,"column":0},"end":{"line":80,"column":24}}},"fnMap":{},"branchMap":{},"s":{"0":5,"1":5,"2":5,"3":5,"4":5,"5":5,"6":5,"7":5},"f":{},"b":{},"_coverageSchema":"1a1c01bbd47fc00a2c39e90264f33305004495a9","hash":"150b43c91d700b5a7bf122427233e047587423d3"}
,"/Users/thasneemmanaf/Documents/CaseStudy_Fintech/backend-fintech/src/routes/api/transactionRoutes.js": {"path":"/Users/thasneemmanaf/Documents/CaseStudy_Fintech/backend-fintech/src/routes/api/transactionRoutes.js","statementMap":{"0":{"start":{"line":1,"column":16},"end":{"line":1,"column":34}},"1":{"start":{"line":2,"column":15},"end":{"line":2,"column":31}},"2":{"start":{"line":5,"column":4},"end":{"line":5,"column":54}},"3":{"start":{"line":6,"column":25},"end":{"line":6,"column":57}},"4":{"start":{"line":42,"column":0},"end":{"line":46,"column":2}},"5":{"start":{"line":48,"column":0},"end":{"line":48,"column":24}}},"fnMap":{},"branchMap":{},"s":{"0":5,"1":5,"2":5,"3":5,"4":5,"5":5},"f":{},"b":{},"_coverageSchema":"1a1c01bbd47fc00a2c39e90264f33305004495a9","hash":"edbffd04c9fec3c3314113eb831eb1c40a9b69f3"}
,"/Users/thasneemmanaf/Documents/CaseStudy_Fintech/backend-fintech/src/schemas/apiPayloads.js": {"path":"/Users/thasneemmanaf/Documents/CaseStudy_Fintech/backend-fintech/src/schemas/apiPayloads.js","statementMap":{"0":{"start":{"line":2,"column":20},"end":{"line":104,"column":1}},"1":{"start":{"line":106,"column":0},"end":{"line":106,"column":29}}},"fnMap":{},"branchMap":{},"s":{"0":0,"1":0},"f":{},"b":{}}
,"/Users/thasneemmanaf/Documents/CaseStudy_Fintech/backend-fintech/src/schemas/cardSchema.js": {"path":"/Users/thasneemmanaf/Documents/CaseStudy_Fintech/backend-fintech/src/schemas/cardSchema.js","statementMap":{"0":{"start":{"line":2,"column":19},"end":{"line":74,"column":1}},"1":{"start":{"line":77,"column":20},"end":{"line":81,"column":1}},"2":{"start":{"line":83,"column":0},"end":{"line":86,"column":2}}},"fnMap":{},"branchMap":{},"s":{"0":0,"1":0,"2":0},"f":{},"b":{}}
,"/Users/thasneemmanaf/Documents/CaseStudy_Fintech/backend-fintech/src/schemas/companySchema.js": {"path":"/Users/thasneemmanaf/Documents/CaseStudy_Fintech/backend-fintech/src/schemas/companySchema.js","statementMap":{"0":{"start":{"line":2,"column":22},"end":{"line":37,"column":1}},"1":{"start":{"line":40,"column":23},"end":{"line":43,"column":1}},"2":{"start":{"line":45,"column":0},"end":{"line":48,"column":2}}},"fnMap":{},"branchMap":{},"s":{"0":0,"1":0,"2":0},"f":{},"b":{}}
,"/Users/thasneemmanaf/Documents/CaseStudy_Fintech/backend-fintech/src/schemas/index.js": {"path":"/Users/thasneemmanaf/Documents/CaseStudy_Fintech/backend-fintech/src/schemas/index.js","statementMap":{"0":{"start":{"line":1,"column":42},"end":{"line":1,"column":68}},"1":{"start":{"line":2,"column":36},"end":{"line":2,"column":59}},"2":{"start":{"line":6,"column":4},"end":{"line":6,"column":34}},"3":{"start":{"line":7,"column":42},"end":{"line":7,"column":68}},"4":{"start":{"line":9,"column":0},"end":{"line":18,"column":2}}},"fnMap":{},"branchMap":{},"s":{"0":0,"1":0,"2":0,"3":0,"4":0},"f":{},"b":{}}
,"/Users/thasneemmanaf/Documents/CaseStudy_Fintech/backend-fintech/src/schemas/invoiceSchema.js": {"path":"/Users/thasneemmanaf/Documents/CaseStudy_Fintech/backend-fintech/src/schemas/invoiceSchema.js","statementMap":{"0":{"start":{"line":2,"column":22},"end":{"line":53,"column":1}},"1":{"start":{"line":56,"column":23},"end":{"line":61,"column":1}},"2":{"start":{"line":63,"column":0},"end":{"line":66,"column":2}}},"fnMap":{},"branchMap":{},"s":{"0":0,"1":0,"2":0},"f":{},"b":{}}
,"/Users/thasneemmanaf/Documents/CaseStudy_Fintech/backend-fintech/src/schemas/transactionSchema.js": {"path":"/Users/thasneemmanaf/Documents/CaseStudy_Fintech/backend-fintech/src/schemas/transactionSchema.js","statementMap":{"0":{"start":{"line":2,"column":26},"end":{"line":74,"column":1}},"1":{"start":{"line":77,"column":27},"end":{"line":84,"column":1}},"2":{"start":{"line":86,"column":0},"end":{"line":89,"column":2}}},"fnMap":{},"branchMap":{},"s":{"0":0,"1":0,"2":0},"f":{},"b":{}}
,"/Users/thasneemmanaf/Documents/CaseStudy_Fintech/backend-fintech/src/utils/apiResponse.js": {"path":"/Users/thasneemmanaf/Documents/CaseStudy_Fintech/backend-fintech/src/utils/apiResponse.js","statementMap":{"0":{"start":{"line":7,"column":24},"end":{"line":13,"column":1}},"1":{"start":{"line":8,"column":2},"end":{"line":12,"column":4}},"2":{"start":{"line":22,"column":22},"end":{"line":31,"column":1}},"3":{"start":{"line":23,"column":2},"end":{"line":30,"column":4}},"4":{"start":{"line":41,"column":26},"end":{"line":56,"column":1}},"5":{"start":{"line":42,"column":21},"end":{"line":42,"column":45}},"6":{"start":{"line":44,"column":2},"end":{"line":55,"column":4}},"7":{"start":{"line":58,"column":0},"end":{"line":62,"column":2}}},"fnMap":{"0":{"name":"(anonymous_0)","decl":{"start":{"line":7,"column":24},"end":{"line":7,"column":25}},"loc":{"start":{"line":7,"column":52},"end":{"line":13,"column":1}},"line":7},"1":{"name":"(anonymous_1)","decl":{"start":{"line":22,"column":22},"end":{"line":22,"column":23}},"loc":{"start":{"line":22,"column":69},"end":{"line":31,"column":1}},"line":22},"2":{"name":"(anonymous_2)","decl":{"start":{"line":41,"column":26},"end":{"line":41,"column":27}},"loc":{"start":{"line":41,"column":57},"end":{"line":56,"column":1}},"line":41}},"branchMap":{"0":{"loc":{"start":{"line":7,"column":31},"end":{"line":7,"column":47}},"type":"default-arg","locations":[{"start":{"line":7,"column":44},"end":{"line":7,"column":47}}],"line":7},"1":{"loc":{"start":{"line":22,"column":32},"end":{"line":22,"column":46}},"type":"default-arg","locations":[{"start":{"line":22,"column":39},"end":{"line":22,"column":46}}],"line":22},"2":{"loc":{"start":{"line":22,"column":48},"end":{"line":22,"column":64}},"type":"default-arg","locations":[{"start":{"line":22,"column":61},"end":{"line":22,"column":64}}],"line":22}},"s":{"0":5,"1":16,"2":5,"3":0,"4":5,"5":3,"6":3,"7":5},"f":{"0":16,"1":0,"2":3},"b":{"0":[16],"1":[0],"2":[0]},"_coverageSchema":"1a1c01bbd47fc00a2c39e90264f33305004495a9","hash":"4f1a751eb7fc96c0e7486b417d5e6b1ee977ee3b"}
,"/Users/thasneemmanaf/Documents/CaseStudy_Fintech/backend-fintech/src/utils/asyncHandler.js": {"path":"/Users/thasneemmanaf/Documents/CaseStudy_Fintech/backend-fintech/src/utils/asyncHandler.js","statementMap":{"0":{"start":{"line":6,"column":21},"end":{"line":10,"column":1}},"1":{"start":{"line":7,"column":2},"end":{"line":9,"column":4}},"2":{"start":{"line":8,"column":4},"end":{"line":8,"column":52}},"3":{"start":{"line":12,"column":0},"end":{"line":12,"column":30}}},"fnMap":{"0":{"name":"(anonymous_0)","decl":{"start":{"line":6,"column":21},"end":{"line":6,"column":22}},"loc":{"start":{"line":6,"column":29},"end":{"line":10,"column":1}},"line":6},"1":{"name":"(anonymous_1)","decl":{"start":{"line":7,"column":9},"end":{"line":7,"column":10}},"loc":{"start":{"line":7,"column":29},"end":{"line":9,"column":3}},"line":7}},"branchMap":{},"s":{"0":5,"1":30,"2":21,"3":5},"f":{"0":30,"1":21},"b":{},"_coverageSchema":"1a1c01bbd47fc00a2c39e90264f33305004495a9","hash":"d4937c0e5cac153f21cc07ec726e7aba05e9e2c6"}
,"/Users/thasneemmanaf/Documents/CaseStudy_Fintech/backend-fintech/src/utils/encryption.js": {"path":"/Users/thasneemmanaf/Documents/CaseStudy_Fintech/backend-fintech/src/utils/encryption.js","statementMap":{"0":{"start":{"line":6,"column":23},"end":{"line":15,"column":1}},"1":{"start":{"line":7,"column":2},"end":{"line":9,"column":3}},"2":{"start":{"line":8,"column":4},"end":{"line":8,"column":22}},"3":{"start":{"line":11,"column":16},"end":{"line":11,"column":36}},"4":{"start":{"line":12,"column":17},"end":{"line":12,"column":50}},"5":{"start":{"line":14,"column":2},"end":{"line":14,"column":24}},"6":{"start":{"line":17,"column":0},"end":{"line":19,"column":2}}},"fnMap":{"0":{"name":"(anonymous_0)","decl":{"start":{"line":6,"column":23},"end":{"line":6,"column":24}},"loc":{"start":{"line":6,"column":39},"end":{"line":15,"column":1}},"line":6}},"branchMap":{"0":{"loc":{"start":{"line":7,"column":2},"end":{"line":9,"column":3}},"type":"if","locations":[{"start":{"line":7,"column":2},"end":{"line":9,"column":3}},{"start":{},"end":{}}],"line":7},"1":{"loc":{"start":{"line":7,"column":6},"end":{"line":7,"column":42}},"type":"binary-expr","locations":[{"start":{"line":7,"column":6},"end":{"line":7,"column":17}},{"start":{"line":7,"column":21},"end":{"line":7,"column":42}}],"line":7}},"s":{"0":5,"1":7,"2":0,"3":7,"4":7,"5":7,"6":5},"f":{"0":7},"b":{"0":[0,7],"1":[7,7]},"_coverageSchema":"1a1c01bbd47fc00a2c39e90264f33305004495a9","hash":"d6181bd9134c106e97091e0ddb0cfaa507e20190"}
}
