TN:
SF:src/app.js
FN:38,(anonymous_0)
FN:71,(anonymous_1)
FN:80,(anonymous_2)
FNF:3
FNH:1
FNDA:0,(anonymous_0)
FNDA:0,(anonymous_1)
FNDA:1,(anonymous_2)
DA:1,5
DA:2,5
DA:3,5
DA:4,5
DA:5,5
DA:6,5
DA:7,5
DA:8,5
DA:9,5
DA:10,5
DA:11,5
DA:14,5
DA:17,5
DA:20,5
DA:23,5
DA:26,5
DA:29,5
DA:32,5
DA:35,5
DA:38,5
DA:39,0
DA:43,5
DA:61,5
DA:62,5
DA:65,5
DA:68,5
DA:69,0
DA:71,0
DA:72,0
DA:77,5
DA:80,5
DA:81,1
DA:82,1
DA:91,5
LF:34
LH:30
BRDA:68,0,0,0
BRDA:68,0,1,5
BRF:2
BRH:1
end_of_record
TN:
SF:src/config/logger.js
FNF:0
FNH:0
DA:1,5
DA:2,5
DA:5,5
DA:16,5
LF:4
LH:4
BRF:0
BRH:0
end_of_record
TN:
SF:src/controllers/cardController.js
FN:11,(anonymous_0)
FN:24,(anonymous_1)
FNF:2
FNH:2
FNDA:3,(anonymous_0)
FNDA:3,(anonymous_1)
DA:1,5
DA:2,5
DA:3,5
DA:4,5
DA:11,5
DA:12,3
DA:14,3
DA:16,3
DA:24,5
DA:25,3
DA:27,3
DA:29,2
DA:32,5
LF:13
LH:13
BRF:0
BRH:0
end_of_record
TN:
SF:src/controllers/companyController.js
FN:12,(anonymous_0)
FN:27,(anonymous_1)
FN:40,(anonymous_2)
FNF:3
FNH:3
FNDA:8,(anonymous_0)
FNDA:2,(anonymous_1)
FNDA:2,(anonymous_2)
DA:1,5
DA:2,5
DA:3,5
DA:4,5
DA:5,5
DA:12,5
DA:15,8
DA:17,8
DA:19,8
DA:27,5
DA:28,2
DA:30,2
DA:32,1
DA:40,5
DA:41,2
DA:43,2
DA:45,2
DA:48,5
LF:18
LH:18
BRDA:15,0,0,8
BRDA:15,0,1,0
BRF:2
BRH:1
end_of_record
TN:
SF:src/controllers/transactionController.js
FN:11,(anonymous_0)
FNF:1
FNH:1
FNDA:3,(anonymous_0)
DA:1,5
DA:2,5
DA:3,5
DA:4,5
DA:11,5
DA:12,3
DA:13,3
DA:14,3
DA:16,3
DA:22,3
DA:29,5
LF:11
LH:11
BRDA:13,0,0,3
BRDA:13,0,1,2
BRDA:14,1,0,3
BRDA:14,1,1,2
BRF:4
BRH:4
end_of_record
TN:
SF:src/middleware/auth.js
FN:9,(anonymous_0)
FN:42,(anonymous_1)
FN:47,(anonymous_2)
FNF:3
FNH:1
FNDA:21,(anonymous_0)
FNDA:0,(anonymous_1)
FNDA:0,(anonymous_2)
DA:1,5
DA:2,5
DA:3,5
DA:6,5
DA:9,5
DA:10,21
DA:11,21
DA:13,21
DA:14,21
DA:15,21
DA:17,0
DA:18,0
DA:21,0
DA:23,0
DA:24,0
DA:28,0
DA:29,0
DA:30,0
DA:31,0
DA:33,0
DA:34,0
DA:37,0
DA:42,5
DA:43,0
DA:44,0
DA:47,0
DA:48,0
DA:49,0
DA:52,0
DA:53,0
DA:56,0
DA:60,5
LF:32
LH:12
BRDA:6,0,0,5
BRDA:6,0,1,5
BRDA:13,1,0,21
BRDA:13,1,1,0
BRDA:13,2,0,21
BRDA:13,2,1,21
BRDA:17,3,0,0
BRDA:17,3,1,0
BRDA:17,4,0,0
BRDA:17,4,1,0
BRDA:23,5,0,0
BRDA:23,5,1,0
BRDA:42,6,0,0
BRDA:43,7,0,0
BRDA:43,7,1,0
BRDA:48,8,0,0
BRDA:48,8,1,0
BRDA:52,9,0,0
BRDA:52,9,1,0
BRDA:52,10,0,0
BRDA:52,10,1,0
BRF:21
BRH:5
end_of_record
TN:
SF:src/middleware/errorHandler.js
FN:4,(anonymous_0)
FN:54,(anonymous_1)
FN:64,(anonymous_2)
FN:71,(anonymous_3)
FN:78,(anonymous_4)
FN:85,(anonymous_5)
FNF:6
FNH:3
FNDA:2,(anonymous_0)
FNDA:2,(anonymous_1)
FNDA:0,(anonymous_2)
FNDA:0,(anonymous_3)
FNDA:0,(anonymous_4)
FNDA:2,(anonymous_5)
DA:1,5
DA:4,5
DA:5,2
DA:19,2
DA:20,2
DA:21,2
DA:24,2
DA:25,0
DA:26,0
DA:27,0
DA:28,2
DA:29,0
DA:30,0
DA:31,0
DA:32,2
DA:33,0
DA:34,0
DA:35,0
DA:36,2
DA:37,2
DA:38,2
DA:39,2
DA:43,2
DA:55,2
DA:56,2
DA:57,2
DA:58,2
DA:59,2
DA:65,0
DA:66,0
DA:72,0
DA:73,0
DA:79,0
DA:80,0
DA:86,2
DA:87,2
DA:91,5
LF:37
LH:22
BRDA:19,0,0,2
BRDA:19,0,1,0
BRDA:20,1,0,2
BRDA:20,1,1,0
BRDA:21,2,0,2
BRDA:21,2,1,0
BRDA:24,3,0,0
BRDA:24,3,1,2
BRDA:28,4,0,0
BRDA:28,4,1,2
BRDA:32,5,0,0
BRDA:32,5,1,2
BRDA:36,6,0,2
BRDA:36,6,1,0
BRDA:71,7,0,0
BRDA:78,8,0,0
BRDA:85,9,0,0
BRF:17
BRH:7
end_of_record
TN:
SF:src/middleware/rateLimiter.js
FN:4,(anonymous_0)
FNF:1
FNH:1
FNDA:10,(anonymous_0)
DA:1,5
DA:4,5
DA:5,10
DA:19,10
DA:26,5
DA:28,5
DA:40,5
LF:7
LH:7
BRDA:4,0,0,5
BRF:1
BRH:1
end_of_record
TN:
SF:src/middleware/validator.js
FN:12,(anonymous_0)
FN:15,(anonymous_1)
FN:20,(anonymous_2)
FNF:3
FNH:0
FNDA:0,(anonymous_0)
FNDA:0,(anonymous_1)
FNDA:0,(anonymous_2)
DA:3,0
DA:4,0
DA:5,0
DA:6,0
DA:9,0
DA:10,0
DA:12,0
DA:13,0
DA:15,0
DA:16,0
DA:18,0
DA:19,0
DA:20,0
DA:23,0
DA:24,0
DA:27,0
DA:31,0
LF:17
LH:0
BRDA:18,0,0,0
BRDA:18,0,1,0
BRF:2
BRH:0
end_of_record
TN:
SF:src/models/cardModel.js
FN:16,(anonymous_0)
FN:21,(anonymous_1)
FN:24,(anonymous_2)
FN:40,(anonymous_3)
FN:45,(anonymous_4)
FNF:5
FNH:5
FNDA:5,(anonymous_0)
FNDA:15,(anonymous_1)
FNDA:5,(anonymous_2)
FNDA:3,(anonymous_3)
FNDA:5,(anonymous_4)
DA:1,5
DA:2,5
DA:3,5
DA:4,5
DA:5,5
DA:6,5
DA:9,5
DA:16,5
DA:17,5
DA:18,5
DA:19,5
DA:21,15
DA:24,5
DA:30,0
DA:31,0
DA:40,5
DA:41,3
DA:42,3
DA:43,3
DA:45,5
DA:47,3
DA:48,1
DA:52,2
DA:58,1
DA:59,1
DA:62,0
DA:63,0
DA:67,5
LF:28
LH:24
BRDA:47,0,0,1
BRDA:47,0,1,2
BRDA:58,1,0,1
BRDA:58,1,1,0
BRF:4
BRH:3
end_of_record
TN:
SF:src/models/companyModel.js
FN:15,(anonymous_0)
FN:33,(anonymous_1)
FN:38,(anonymous_2)
FNF:3
FNH:3
FNDA:8,(anonymous_0)
FNDA:4,(anonymous_1)
FNDA:6,(anonymous_2)
DA:1,5
DA:2,5
DA:3,5
DA:4,5
DA:5,5
DA:8,5
DA:15,5
DA:16,8
DA:17,8
DA:18,8
DA:21,8
DA:23,0
DA:24,0
DA:33,5
DA:34,4
DA:35,4
DA:36,4
DA:38,6
DA:40,4
DA:41,1
DA:44,3
DA:46,1
DA:47,1
DA:50,0
DA:51,0
DA:55,5
LF:26
LH:22
BRDA:15,0,0,0
BRDA:40,1,0,1
BRDA:40,1,1,3
BRDA:46,2,0,1
BRDA:46,2,1,0
BRF:5
BRH:3
end_of_record
TN:
SF:src/models/dashboardModel.js
FN:12,(anonymous_0)
FNF:1
FNH:1
FNDA:2,(anonymous_0)
DA:1,5
DA:2,5
DA:3,5
DA:4,5
DA:5,5
DA:12,5
DA:13,2
DA:15,2
DA:18,2
DA:19,2
DA:22,2
DA:25,2
DA:32,2
DA:40,0
DA:44,0
DA:48,5
LF:16
LH:14
BRDA:19,0,0,2
BRDA:19,0,1,0
BRF:2
BRH:1
end_of_record
TN:
SF:src/models/invoiceModel.js
FN:14,(anonymous_0)
FN:22,(anonymous_1)
FN:25,(anonymous_2)
FNF:3
FNH:2
FNDA:2,(anonymous_0)
FNDA:6,(anonymous_1)
FNDA:0,(anonymous_2)
DA:1,5
DA:2,5
DA:3,5
DA:4,5
DA:7,5
DA:14,5
DA:15,2
DA:16,2
DA:17,2
DA:20,2
DA:23,6
DA:25,0
DA:27,2
DA:28,0
DA:31,2
DA:33,0
DA:34,0
DA:38,5
LF:18
LH:14
BRDA:23,0,0,6
BRDA:23,0,1,2
BRDA:27,1,0,0
BRDA:27,1,1,2
BRF:4
BRH:3
end_of_record
TN:
SF:src/models/transactionModel.js
FN:15,(anonymous_0)
FN:22,(anonymous_1)
FN:24,(anonymous_2)
FNF:3
FNH:3
FNDA:5,(anonymous_0)
FNDA:80,(anonymous_1)
FNDA:20,(anonymous_2)
DA:1,5
DA:2,5
DA:3,5
DA:6,5
DA:15,5
DA:16,5
DA:17,5
DA:18,5
DA:21,5
DA:22,80
DA:24,20
DA:28,5
DA:29,5
DA:32,5
DA:40,0
DA:44,0
DA:48,5
LF:17
LH:15
BRDA:15,0,0,0
BRDA:15,1,0,0
BRF:2
BRH:0
end_of_record
TN:
SF:src/routes/index.js
FN:9,(anonymous_0)
FNF:1
FNH:1
FNDA:22,(anonymous_0)
DA:1,5
DA:2,5
DA:3,5
DA:4,5
DA:5,5
DA:9,5
DA:11,22
DA:18,22
DA:22,5
DA:25,5
DA:26,5
DA:27,5
DA:29,5
LF:13
LH:13
BRF:0
BRH:0
end_of_record
TN:
SF:src/routes/api/cardRoutes.js
FNF:0
FNH:0
DA:1,5
DA:2,5
DA:6,5
DA:7,5
DA:33,5
DA:59,5
DA:61,5
LF:7
LH:7
BRF:0
BRH:0
end_of_record
TN:
SF:src/routes/api/companyRoutes.js
FNF:0
FNH:0
DA:1,5
DA:2,5
DA:7,5
DA:8,5
DA:26,5
DA:52,5
DA:78,5
DA:80,5
LF:8
LH:8
BRF:0
BRH:0
end_of_record
TN:
SF:src/routes/api/transactionRoutes.js
FNF:0
FNH:0
DA:1,5
DA:2,5
DA:5,5
DA:6,5
DA:42,5
DA:48,5
LF:6
LH:6
BRF:0
BRH:0
end_of_record
TN:
SF:src/schemas/apiPayloads.js
FNF:0
FNH:0
DA:2,0
DA:106,0
LF:2
LH:0
BRF:0
BRH:0
end_of_record
TN:
SF:src/schemas/cardSchema.js
FNF:0
FNH:0
DA:2,0
DA:77,0
DA:83,0
LF:3
LH:0
BRF:0
BRH:0
end_of_record
TN:
SF:src/schemas/companySchema.js
FNF:0
FNH:0
DA:2,0
DA:40,0
DA:45,0
LF:3
LH:0
BRF:0
BRH:0
end_of_record
TN:
SF:src/schemas/index.js
FNF:0
FNH:0
DA:1,0
DA:2,0
DA:6,0
DA:7,0
DA:9,0
LF:5
LH:0
BRF:0
BRH:0
end_of_record
TN:
SF:src/schemas/invoiceSchema.js
FNF:0
FNH:0
DA:2,0
DA:56,0
DA:63,0
LF:3
LH:0
BRF:0
BRH:0
end_of_record
TN:
SF:src/schemas/transactionSchema.js
FNF:0
FNH:0
DA:2,0
DA:77,0
DA:86,0
LF:3
LH:0
BRF:0
BRH:0
end_of_record
TN:
SF:src/utils/apiResponse.js
FN:7,(anonymous_0)
FN:22,(anonymous_1)
FN:41,(anonymous_2)
FNF:3
FNH:2
FNDA:16,(anonymous_0)
FNDA:0,(anonymous_1)
FNDA:3,(anonymous_2)
DA:7,5
DA:8,16
DA:22,5
DA:23,0
DA:41,5
DA:42,3
DA:44,3
DA:58,5
LF:8
LH:7
BRDA:7,0,0,16
BRDA:22,1,0,0
BRDA:22,2,0,0
BRF:3
BRH:1
end_of_record
TN:
SF:src/utils/asyncHandler.js
FN:6,(anonymous_0)
FN:7,(anonymous_1)
FNF:2
FNH:2
FNDA:30,(anonymous_0)
FNDA:21,(anonymous_1)
DA:6,5
DA:7,30
DA:8,21
DA:12,5
LF:4
LH:4
BRF:0
BRH:0
end_of_record
TN:
SF:src/utils/encryption.js
FN:6,(anonymous_0)
FNF:1
FNH:1
FNDA:7,(anonymous_0)
DA:6,5
DA:7,7
DA:8,0
DA:11,7
DA:12,7
DA:14,7
DA:17,5
LF:7
LH:6
BRDA:7,0,0,0
BRDA:7,0,1,7
BRDA:7,1,0,7
BRDA:7,1,1,7
BRF:4
BRH:3
end_of_record
